  group_bulk_read.cpp
C:\Users\Lenovo\Desktop\DynamixelSDK-3.7.31\c++\include\dynamixel_sdk\group_bulk_read.h(43,35): warning C4251: 'dynamixel::GroupBulkRead::id_list_': class 'std::vector<uint8_t,std::allocator<uint8_t>>'에서는 class 'dynamixel::GroupBulkRead'의 클라이언트에서 DLL 인터페이스를 사용하도록 지정해야 합니다.
C:\Users\Lenovo\Desktop\DynamixelSDK-3.7.31\c++\include\dynamixel_sdk\packet_handler.h(205): message : 'std::vector<uint8_t,std::allocator<uint8_t>>' 선언을 참조하십시오.
C:\Users\Lenovo\Desktop\DynamixelSDK-3.7.31\c++\include\dynamixel_sdk\group_bulk_read.h(44,35): warning C4251: 'dynamixel::GroupBulkRead::address_list_': class 'std::map<uint8_t,uint16_t,std::less<uint8_t>,std::allocator<std::pair<const uint8_t,uint16_t>>>'에서는 class 'dynamixel::GroupBulkRead'의 클라이언트에서 DLL 인터페이스를 사용하도록 지정해야 합니다.
C:\Users\Lenovo\Desktop\DynamixelSDK-3.7.31\c++\include\dynamixel_sdk\group_bulk_read.h(44): message : 'std::map<uint8_t,uint16_t,std::less<uint8_t>,std::allocator<std::pair<const uint8_t,uint16_t>>>' 선언을 참조하십시오.
C:\Users\Lenovo\Desktop\DynamixelSDK-3.7.31\c++\include\dynamixel_sdk\group_bulk_read.h(45,35): warning C4251: 'dynamixel::GroupBulkRead::length_list_': class 'std::map<uint8_t,uint16_t,std::less<uint8_t>,std::allocator<std::pair<const uint8_t,uint16_t>>>'에서는 class 'dynamixel::GroupBulkRead'의 클라이언트에서 DLL 인터페이스를 사용하도록 지정해야 합니다.
C:\Users\Lenovo\Desktop\DynamixelSDK-3.7.31\c++\include\dynamixel_sdk\group_bulk_read.h(44): message : 'std::map<uint8_t,uint16_t,std::less<uint8_t>,std::allocator<std::pair<const uint8_t,uint16_t>>>' 선언을 참조하십시오.
C:\Users\Lenovo\Desktop\DynamixelSDK-3.7.31\c++\include\dynamixel_sdk\group_bulk_read.h(46,35): warning C4251: 'dynamixel::GroupBulkRead::data_list_': class 'std::map<uint8_t,uint8_t *,std::less<uint8_t>,std::allocator<std::pair<const uint8_t,uint8_t *>>>'에서는 class 'dynamixel::GroupBulkRead'의 클라이언트에서 DLL 인터페이스를 사용하도록 지정해야 합니다.
C:\Users\Lenovo\Desktop\DynamixelSDK-3.7.31\c++\include\dynamixel_sdk\group_bulk_read.h(46): message : 'std::map<uint8_t,uint8_t *,std::less<uint8_t>,std::allocator<std::pair<const uint8_t,uint8_t *>>>' 선언을 참조하십시오.
C:\Users\Lenovo\Desktop\DynamixelSDK-3.7.31\c++\include\dynamixel_sdk\group_bulk_read.h(47,35): warning C4251: 'dynamixel::GroupBulkRead::error_list_': class 'std::map<uint8_t,uint8_t *,std::less<uint8_t>,std::allocator<std::pair<const uint8_t,uint8_t *>>>'에서는 class 'dynamixel::GroupBulkRead'의 클라이언트에서 DLL 인터페이스를 사용하도록 지정해야 합니다.
C:\Users\Lenovo\Desktop\DynamixelSDK-3.7.31\c++\include\dynamixel_sdk\group_bulk_read.h(46): message : 'std::map<uint8_t,uint8_t *,std::less<uint8_t>,std::allocator<std::pair<const uint8_t,uint8_t *>>>' 선언을 참조하십시오.
C:\Users\Lenovo\Desktop\DynamixelSDK-3.7.31\c++\src\dynamixel_sdk\group_bulk_read.cpp(147,62): warning C4267: '인수': 'size_t'에서 'uint16_t'(으)로 변환하면서 데이터가 손실될 수 있습니다.
C:\Users\Lenovo\Desktop\DynamixelSDK-3.7.31\c++\src\dynamixel_sdk\group_bulk_read.cpp(151,62): warning C4267: '인수': 'size_t'에서 'uint16_t'(으)로 변환하면서 데이터가 손실될 수 있습니다.
C:\Users\Lenovo\Desktop\DynamixelSDK-3.7.31\c++\src\dynamixel_sdk\group_bulk_read.cpp(157,39): warning C4267: '초기화 중': 'size_t'에서 'int'(으)로 변환하면서 데이터가 손실될 수 있습니다.
  group_bulk_write.cpp
C:\Users\Lenovo\Desktop\DynamixelSDK-3.7.31\c++\include\dynamixel_sdk\group_bulk_write.h(43,35): warning C4251: 'dynamixel::GroupBulkWrite::id_list_': class 'std::vector<uint8_t,std::allocator<uint8_t>>'에서는 class 'dynamixel::GroupBulkWrite'의 클라이언트에서 DLL 인터페이스를 사용하도록 지정해야 합니다.
C:\Users\Lenovo\Desktop\DynamixelSDK-3.7.31\c++\include\dynamixel_sdk\packet_handler.h(205): message : 'std::vector<uint8_t,std::allocator<uint8_t>>' 선언을 참조하십시오.
C:\Users\Lenovo\Desktop\DynamixelSDK-3.7.31\c++\include\dynamixel_sdk\group_bulk_write.h(44,35): warning C4251: 'dynamixel::GroupBulkWrite::address_list_': class 'std::map<uint8_t,uint16_t,std::less<uint8_t>,std::allocator<std::pair<const uint8_t,uint16_t>>>'에서는 class 'dynamixel::GroupBulkWrite'의 클라이언트에서 DLL 인터페이스를 사용하도록 지정해야 합니다.
C:\Users\Lenovo\Desktop\DynamixelSDK-3.7.31\c++\include\dynamixel_sdk\group_bulk_write.h(44): message : 'std::map<uint8_t,uint16_t,std::less<uint8_t>,std::allocator<std::pair<const uint8_t,uint16_t>>>' 선언을 참조하십시오.
C:\Users\Lenovo\Desktop\DynamixelSDK-3.7.31\c++\include\dynamixel_sdk\group_bulk_write.h(45,35): warning C4251: 'dynamixel::GroupBulkWrite::length_list_': class 'std::map<uint8_t,uint16_t,std::less<uint8_t>,std::allocator<std::pair<const uint8_t,uint16_t>>>'에서는 class 'dynamixel::GroupBulkWrite'의 클라이언트에서 DLL 인터페이스를 사용하도록 지정해야 합니다.
C:\Users\Lenovo\Desktop\DynamixelSDK-3.7.31\c++\include\dynamixel_sdk\group_bulk_write.h(44): message : 'std::map<uint8_t,uint16_t,std::less<uint8_t>,std::allocator<std::pair<const uint8_t,uint16_t>>>' 선언을 참조하십시오.
C:\Users\Lenovo\Desktop\DynamixelSDK-3.7.31\c++\include\dynamixel_sdk\group_bulk_write.h(46,35): warning C4251: 'dynamixel::GroupBulkWrite::data_list_': class 'std::map<uint8_t,uint8_t *,std::less<uint8_t>,std::allocator<std::pair<const uint8_t,uint8_t *>>>'에서는 class 'dynamixel::GroupBulkWrite'의 클라이언트에서 DLL 인터페이스를 사용하도록 지정해야 합니다.
C:\Users\Lenovo\Desktop\DynamixelSDK-3.7.31\c++\include\dynamixel_sdk\group_bulk_write.h(46): message : 'std::map<uint8_t,uint8_t *,std::less<uint8_t>,std::allocator<std::pair<const uint8_t,uint8_t *>>>' 선언을 참조하십시오.
  group_sync_read.cpp
C:\Users\Lenovo\Desktop\DynamixelSDK-3.7.31\c++\include\dynamixel_sdk\group_sync_read.h(43,35): warning C4251: 'dynamixel::GroupSyncRead::id_list_': class 'std::vector<uint8_t,std::allocator<uint8_t>>'에서는 class 'dynamixel::GroupSyncRead'의 클라이언트에서 DLL 인터페이스를 사용하도록 지정해야 합니다.
C:\Users\Lenovo\Desktop\DynamixelSDK-3.7.31\c++\include\dynamixel_sdk\packet_handler.h(205): message : 'std::vector<uint8_t,std::allocator<uint8_t>>' 선언을 참조하십시오.
C:\Users\Lenovo\Desktop\DynamixelSDK-3.7.31\c++\include\dynamixel_sdk\group_sync_read.h(44,35): warning C4251: 'dynamixel::GroupSyncRead::data_list_': class 'std::map<uint8_t,uint8_t *,std::less<uint8_t>,std::allocator<std::pair<const uint8_t,uint8_t *>>>'에서는 class 'dynamixel::GroupSyncRead'의 클라이언트에서 DLL 인터페이스를 사용하도록 지정해야 합니다.
C:\Users\Lenovo\Desktop\DynamixelSDK-3.7.31\c++\include\dynamixel_sdk\group_sync_read.h(44): message : 'std::map<uint8_t,uint8_t *,std::less<uint8_t>,std::allocator<std::pair<const uint8_t,uint8_t *>>>' 선언을 참조하십시오.
C:\Users\Lenovo\Desktop\DynamixelSDK-3.7.31\c++\include\dynamixel_sdk\group_sync_read.h(45,35): warning C4251: 'dynamixel::GroupSyncRead::error_list_': class 'std::map<uint8_t,uint8_t *,std::less<uint8_t>,std::allocator<std::pair<const uint8_t,uint8_t *>>>'에서는 class 'dynamixel::GroupSyncRead'의 클라이언트에서 DLL 인터페이스를 사용하도록 지정해야 합니다.
C:\Users\Lenovo\Desktop\DynamixelSDK-3.7.31\c++\include\dynamixel_sdk\group_sync_read.h(44): message : 'std::map<uint8_t,uint8_t *,std::less<uint8_t>,std::allocator<std::pair<const uint8_t,uint8_t *>>>' 선언을 참조하십시오.
C:\Users\Lenovo\Desktop\DynamixelSDK-3.7.31\c++\src\dynamixel_sdk\group_sync_read.cpp(131,39): warning C4267: '초기화 중': 'size_t'에서 'int'(으)로 변환하면서 데이터가 손실될 수 있습니다.
  group_sync_write.cpp
C:\Users\Lenovo\Desktop\DynamixelSDK-3.7.31\c++\include\dynamixel_sdk\group_sync_write.h(43,35): warning C4251: 'dynamixel::GroupSyncWrite::id_list_': class 'std::vector<uint8_t,std::allocator<uint8_t>>'에서는 class 'dynamixel::GroupSyncWrite'의 클라이언트에서 DLL 인터페이스를 사용하도록 지정해야 합니다.
C:\Users\Lenovo\Desktop\DynamixelSDK-3.7.31\c++\include\dynamixel_sdk\packet_handler.h(205): message : 'std::vector<uint8_t,std::allocator<uint8_t>>' 선언을 참조하십시오.
C:\Users\Lenovo\Desktop\DynamixelSDK-3.7.31\c++\include\dynamixel_sdk\group_sync_write.h(44,35): warning C4251: 'dynamixel::GroupSyncWrite::data_list_': class 'std::map<uint8_t,uint8_t *,std::less<uint8_t>,std::allocator<std::pair<const uint8_t,uint8_t *>>>'에서는 class 'dynamixel::GroupSyncWrite'의 클라이언트에서 DLL 인터페이스를 사용하도록 지정해야 합니다.
C:\Users\Lenovo\Desktop\DynamixelSDK-3.7.31\c++\include\dynamixel_sdk\group_sync_write.h(44): message : 'std::map<uint8_t,uint8_t *,std::less<uint8_t>,std::allocator<std::pair<const uint8_t,uint8_t *>>>' 선언을 참조하십시오.
C:\Users\Lenovo\Desktop\DynamixelSDK-3.7.31\c++\src\dynamixel_sdk\group_sync_write.cpp(133,112): warning C4267: '인수': 'size_t'에서 'uint16_t'(으)로 변환하면서 데이터가 손실될 수 있습니다.
  packet_handler.cpp
  port_handler.cpp
  port_handler_windows.cpp
  protocol1_packet_handler.cpp
C:\Users\Lenovo\Desktop\DynamixelSDK-3.7.31\c++\src\dynamixel_sdk\protocol1_packet_handler.cpp(704,33): warning C4244: '=': 'uint16_t'에서 'uint8_t'(으)로 변환하면서 데이터가 손실될 수 있습니다.
C:\Users\Lenovo\Desktop\DynamixelSDK-3.7.31\c++\src\dynamixel_sdk\protocol1_packet_handler.cpp(705,33): warning C4244: '=': 'uint16_t'에서 'uint8_t'(으)로 변환하면서 데이터가 손실될 수 있습니다.
  protocol2_packet_handler.cpp
     C:\Users\Lenovo\Desktop\DynamixelSDK-3.7.31\c++\build\win64\output\dxl_x64_cpp.lib 라이브러리 및 C:\Users\Lenovo\Desktop\DynamixelSDK-3.7.31\c++\build\win64\output\dxl_x64_cpp.exp 개체를 생성하고 있습니다.
  코드를 생성하고 있습니다.
  Previous IPDB not found, fall back to full compilation.
  All 562 functions were compiled because no usable IPDB/IOBJ from previous compilation was found.
  코드를 생성했습니다.
  dxl_x64_cpp.vcxproj -> C:\Users\Lenovo\Desktop\DynamixelSDK-3.7.31\c++\build\win64\output\dxl_x64_cpp.dll
