  sync_read_write.cpp
C:\Users\Lenovo\Desktop\DynamixelSDK-3.7.31\c++\include\dynamixel_sdk\group_bulk_read.h(43,35): warning C4251: 'dynamixel::GroupBulkRead::id_list_': class 'std::vector<uint8_t,std::allocator<uint8_t>>'에서는 class 'dynamixel::GroupBulkRead'의 클라이언트에서 DLL 인터페이스를 사용하도록 지정해야 합니다.
C:\Users\Lenovo\Desktop\DynamixelSDK-3.7.31\c++\include\dynamixel_sdk\packet_handler.h(205): message : 'std::vector<uint8_t,std::allocator<uint8_t>>' 선언을 참조하십시오.
C:\Users\Lenovo\Desktop\DynamixelSDK-3.7.31\c++\include\dynamixel_sdk\group_bulk_read.h(44,35): warning C4251: 'dynamixel::GroupBulkRead::address_list_': class 'std::map<uint8_t,uint16_t,std::less<uint8_t>,std::allocator<std::pair<const uint8_t,uint16_t>>>'에서는 class 'dynamixel::GroupBulkRead'의 클라이언트에서 DLL 인터페이스를 사용하도록 지정해야 합니다.
C:\Users\Lenovo\Desktop\DynamixelSDK-3.7.31\c++\include\dynamixel_sdk\group_bulk_read.h(44): message : 'std::map<uint8_t,uint16_t,std::less<uint8_t>,std::allocator<std::pair<const uint8_t,uint16_t>>>' 선언을 참조하십시오.
C:\Users\Lenovo\Desktop\DynamixelSDK-3.7.31\c++\include\dynamixel_sdk\group_bulk_read.h(45,35): warning C4251: 'dynamixel::GroupBulkRead::length_list_': class 'std::map<uint8_t,uint16_t,std::less<uint8_t>,std::allocator<std::pair<const uint8_t,uint16_t>>>'에서는 class 'dynamixel::GroupBulkRead'의 클라이언트에서 DLL 인터페이스를 사용하도록 지정해야 합니다.
C:\Users\Lenovo\Desktop\DynamixelSDK-3.7.31\c++\include\dynamixel_sdk\group_bulk_read.h(44): message : 'std::map<uint8_t,uint16_t,std::less<uint8_t>,std::allocator<std::pair<const uint8_t,uint16_t>>>' 선언을 참조하십시오.
C:\Users\Lenovo\Desktop\DynamixelSDK-3.7.31\c++\include\dynamixel_sdk\group_bulk_read.h(46,35): warning C4251: 'dynamixel::GroupBulkRead::data_list_': class 'std::map<uint8_t,uint8_t *,std::less<uint8_t>,std::allocator<std::pair<const uint8_t,uint8_t *>>>'에서는 class 'dynamixel::GroupBulkRead'의 클라이언트에서 DLL 인터페이스를 사용하도록 지정해야 합니다.
C:\Users\Lenovo\Desktop\DynamixelSDK-3.7.31\c++\include\dynamixel_sdk\group_bulk_read.h(46): message : 'std::map<uint8_t,uint8_t *,std::less<uint8_t>,std::allocator<std::pair<const uint8_t,uint8_t *>>>' 선언을 참조하십시오.
C:\Users\Lenovo\Desktop\DynamixelSDK-3.7.31\c++\include\dynamixel_sdk\group_bulk_read.h(47,35): warning C4251: 'dynamixel::GroupBulkRead::error_list_': class 'std::map<uint8_t,uint8_t *,std::less<uint8_t>,std::allocator<std::pair<const uint8_t,uint8_t *>>>'에서는 class 'dynamixel::GroupBulkRead'의 클라이언트에서 DLL 인터페이스를 사용하도록 지정해야 합니다.
C:\Users\Lenovo\Desktop\DynamixelSDK-3.7.31\c++\include\dynamixel_sdk\group_bulk_read.h(46): message : 'std::map<uint8_t,uint8_t *,std::less<uint8_t>,std::allocator<std::pair<const uint8_t,uint8_t *>>>' 선언을 참조하십시오.
C:\Users\Lenovo\Desktop\DynamixelSDK-3.7.31\c++\include\dynamixel_sdk\group_bulk_write.h(43,35): warning C4251: 'dynamixel::GroupBulkWrite::id_list_': class 'std::vector<uint8_t,std::allocator<uint8_t>>'에서는 class 'dynamixel::GroupBulkWrite'의 클라이언트에서 DLL 인터페이스를 사용하도록 지정해야 합니다.
C:\Users\Lenovo\Desktop\DynamixelSDK-3.7.31\c++\include\dynamixel_sdk\packet_handler.h(205): message : 'std::vector<uint8_t,std::allocator<uint8_t>>' 선언을 참조하십시오.
C:\Users\Lenovo\Desktop\DynamixelSDK-3.7.31\c++\include\dynamixel_sdk\group_bulk_write.h(44,35): warning C4251: 'dynamixel::GroupBulkWrite::address_list_': class 'std::map<uint8_t,uint16_t,std::less<uint8_t>,std::allocator<std::pair<const uint8_t,uint16_t>>>'에서는 class 'dynamixel::GroupBulkWrite'의 클라이언트에서 DLL 인터페이스를 사용하도록 지정해야 합니다.
C:\Users\Lenovo\Desktop\DynamixelSDK-3.7.31\c++\include\dynamixel_sdk\group_bulk_read.h(44): message : 'std::map<uint8_t,uint16_t,std::less<uint8_t>,std::allocator<std::pair<const uint8_t,uint16_t>>>' 선언을 참조하십시오.
C:\Users\Lenovo\Desktop\DynamixelSDK-3.7.31\c++\include\dynamixel_sdk\group_bulk_write.h(45,35): warning C4251: 'dynamixel::GroupBulkWrite::length_list_': class 'std::map<uint8_t,uint16_t,std::less<uint8_t>,std::allocator<std::pair<const uint8_t,uint16_t>>>'에서는 class 'dynamixel::GroupBulkWrite'의 클라이언트에서 DLL 인터페이스를 사용하도록 지정해야 합니다.
C:\Users\Lenovo\Desktop\DynamixelSDK-3.7.31\c++\include\dynamixel_sdk\group_bulk_read.h(44): message : 'std::map<uint8_t,uint16_t,std::less<uint8_t>,std::allocator<std::pair<const uint8_t,uint16_t>>>' 선언을 참조하십시오.
C:\Users\Lenovo\Desktop\DynamixelSDK-3.7.31\c++\include\dynamixel_sdk\group_bulk_write.h(46,35): warning C4251: 'dynamixel::GroupBulkWrite::data_list_': class 'std::map<uint8_t,uint8_t *,std::less<uint8_t>,std::allocator<std::pair<const uint8_t,uint8_t *>>>'에서는 class 'dynamixel::GroupBulkWrite'의 클라이언트에서 DLL 인터페이스를 사용하도록 지정해야 합니다.
C:\Users\Lenovo\Desktop\DynamixelSDK-3.7.31\c++\include\dynamixel_sdk\group_bulk_read.h(46): message : 'std::map<uint8_t,uint8_t *,std::less<uint8_t>,std::allocator<std::pair<const uint8_t,uint8_t *>>>' 선언을 참조하십시오.
C:\Users\Lenovo\Desktop\DynamixelSDK-3.7.31\c++\include\dynamixel_sdk\group_sync_read.h(43,35): warning C4251: 'dynamixel::GroupSyncRead::id_list_': class 'std::vector<uint8_t,std::allocator<uint8_t>>'에서는 class 'dynamixel::GroupSyncRead'의 클라이언트에서 DLL 인터페이스를 사용하도록 지정해야 합니다.
C:\Users\Lenovo\Desktop\DynamixelSDK-3.7.31\c++\include\dynamixel_sdk\packet_handler.h(205): message : 'std::vector<uint8_t,std::allocator<uint8_t>>' 선언을 참조하십시오.
C:\Users\Lenovo\Desktop\DynamixelSDK-3.7.31\c++\include\dynamixel_sdk\group_sync_read.h(44,35): warning C4251: 'dynamixel::GroupSyncRead::data_list_': class 'std::map<uint8_t,uint8_t *,std::less<uint8_t>,std::allocator<std::pair<const uint8_t,uint8_t *>>>'에서는 class 'dynamixel::GroupSyncRead'의 클라이언트에서 DLL 인터페이스를 사용하도록 지정해야 합니다.
C:\Users\Lenovo\Desktop\DynamixelSDK-3.7.31\c++\include\dynamixel_sdk\group_bulk_read.h(46): message : 'std::map<uint8_t,uint8_t *,std::less<uint8_t>,std::allocator<std::pair<const uint8_t,uint8_t *>>>' 선언을 참조하십시오.
C:\Users\Lenovo\Desktop\DynamixelSDK-3.7.31\c++\include\dynamixel_sdk\group_sync_read.h(45,35): warning C4251: 'dynamixel::GroupSyncRead::error_list_': class 'std::map<uint8_t,uint8_t *,std::less<uint8_t>,std::allocator<std::pair<const uint8_t,uint8_t *>>>'에서는 class 'dynamixel::GroupSyncRead'의 클라이언트에서 DLL 인터페이스를 사용하도록 지정해야 합니다.
C:\Users\Lenovo\Desktop\DynamixelSDK-3.7.31\c++\include\dynamixel_sdk\group_bulk_read.h(46): message : 'std::map<uint8_t,uint8_t *,std::less<uint8_t>,std::allocator<std::pair<const uint8_t,uint8_t *>>>' 선언을 참조하십시오.
C:\Users\Lenovo\Desktop\DynamixelSDK-3.7.31\c++\include\dynamixel_sdk\group_sync_write.h(43,35): warning C4251: 'dynamixel::GroupSyncWrite::id_list_': class 'std::vector<uint8_t,std::allocator<uint8_t>>'에서는 class 'dynamixel::GroupSyncWrite'의 클라이언트에서 DLL 인터페이스를 사용하도록 지정해야 합니다.
C:\Users\Lenovo\Desktop\DynamixelSDK-3.7.31\c++\include\dynamixel_sdk\packet_handler.h(205): message : 'std::vector<uint8_t,std::allocator<uint8_t>>' 선언을 참조하십시오.
C:\Users\Lenovo\Desktop\DynamixelSDK-3.7.31\c++\include\dynamixel_sdk\group_sync_write.h(44,35): warning C4251: 'dynamixel::GroupSyncWrite::data_list_': class 'std::map<uint8_t,uint8_t *,std::less<uint8_t>,std::allocator<std::pair<const uint8_t,uint8_t *>>>'에서는 class 'dynamixel::GroupSyncWrite'의 클라이언트에서 DLL 인터페이스를 사용하도록 지정해야 합니다.
C:\Users\Lenovo\Desktop\DynamixelSDK-3.7.31\c++\include\dynamixel_sdk\group_bulk_read.h(46): message : 'std::map<uint8_t,uint8_t *,std::less<uint8_t>,std::allocator<std::pair<const uint8_t,uint8_t *>>>' 선언을 참조하십시오.
C:\Users\Lenovo\Desktop\DynamixelSDK-3.7.31\c++\example\protocol2.0\sync_read_write\sync_read_write.cpp(72,1): warning C4273: 'getch': dll 연결이 일치하지 않습니다.
C:\Program Files (x86)\Windows Kits\10\Include\10.0.19041.0\ucrt\conio.h(444,30): message : 'getch'의 이전 정의를 참조하십시오.
C:\Users\Lenovo\Desktop\DynamixelSDK-3.7.31\c++\example\protocol2.0\sync_read_write\sync_read_write.cpp(89,1): warning C4273: 'kbhit': dll 연결이 일치하지 않습니다.
C:\Program Files (x86)\Windows Kits\10\Include\10.0.19041.0\ucrt\conio.h(450,30): message : 'kbhit'의 이전 정의를 참조하십시오.
C:\Users\Lenovo\Desktop\DynamixelSDK-3.7.31\c++\example\protocol2.0\sync_read_write\sync_read_write.cpp(124,13): warning C4996: 'scanf': This function or variable may be unsafe. Consider using scanf_s instead. To disable deprecation, use _CRT_SECURE_NO_WARNINGS. See online help for details.
C:\Users\Lenovo\Desktop\DynamixelSDK-3.7.31\c++\example\protocol2.0\sync_read_write\sync_read_write.cpp(132,17): warning C4996: 'scanf': This function or variable may be unsafe. Consider using scanf_s instead. To disable deprecation, use _CRT_SECURE_NO_WARNINGS. See online help for details.
C:\Users\Lenovo\Desktop\DynamixelSDK-3.7.31\c++\example\protocol2.0\sync_read_write\sync_read_write.cpp(144,17): warning C4996: 'scanf': This function or variable may be unsafe. Consider using scanf_s instead. To disable deprecation, use _CRT_SECURE_NO_WARNINGS. See online help for details.
C:\Users\Lenovo\Desktop\DynamixelSDK-3.7.31\c++\example\protocol2.0\sync_read_write\sync_read_write.cpp(154,17): warning C4996: 'scanf': This function or variable may be unsafe. Consider using scanf_s instead. To disable deprecation, use _CRT_SECURE_NO_WARNINGS. See online help for details.
C:\Users\Lenovo\Desktop\DynamixelSDK-3.7.31\c++\example\protocol2.0\sync_read_write\sync_read_write.cpp(219,5): warning C4996: 'getch': The POSIX name for this item is deprecated. Instead, use the ISO C and C++ conformant name: _getch. See online help for details.
C:\Users\Lenovo\Desktop\DynamixelSDK-3.7.31\c++\example\protocol2.0\sync_read_write\sync_read_write.cpp(232,5): warning C4996: 'getch': The POSIX name for this item is deprecated. Instead, use the ISO C and C++ conformant name: _getch. See online help for details.
C:\Users\Lenovo\Desktop\DynamixelSDK-3.7.31\c++\example\protocol2.0\sync_read_write\sync_read_write.cpp(285,11): warning C4996: 'getch': The POSIX name for this item is deprecated. Instead, use the ISO C and C++ conformant name: _getch. See online help for details.
     C:\Users\Lenovo\Desktop\DynamixelSDK-3.7.31\c++\example\protocol2.0\sync_read_write\win64\Release\sync_read_write.lib 라이브러리 및 C:\Users\Lenovo\Desktop\DynamixelSDK-3.7.31\c++\example\protocol2.0\sync_read_write\win64\Release\sync_read_write.exp 개체를 생성하고 있습니다.
  코드를 생성하고 있습니다.
C:\Users\Lenovo\Desktop\DynamixelSDK-3.7.31\c++\example\protocol2.0\sync_read_write\sync_read_write.cpp(177): warning C4715: 'getInputVelocity': 모든 제어 경로에서 값을 반환하지는 않습니다.
  2 of 57 functions ( 3.5%) were compiled, the rest were copied from previous compilation.
    0 functions were new in current compilation
    0 functions had inline decision re-evaluated but remain unchanged
  코드를 생성했습니다.
  sync_read_write.vcxproj -> C:\Users\Lenovo\Desktop\DynamixelSDK-3.7.31\c++\example\protocol2.0\sync_read_write\win64\Release\sync_read_write.exe
